<?xml version="1.0" encoding="UTF-8"?>
<!-- Generated by org.testng.reporters.JUnitReportReporter -->
<testsuite skipped="0" hostname="snk" name="tests.LoginTest" tests="8" failures="0" timestamp="23 лют. 2018 09:33:05 GMT" time="82.644" errors="0">
  <testcase name="nonExistUserLoginTest" time="4.301" classname="tests.LoginTest"/>
  <testcase name="emptyUserPasswordTest" time="0.958" classname="tests.LoginTest"/>
  <testcase name="validCredentialsLoginTest" time="10.529" classname="tests.LoginTest"/>
  <testcase name="tabsInTheUserLoginAndPasswordTest" time="15.638" classname="tests.LoginTest"/>
  <testcase name="incorrectUserLoginMaskTest" time="16.459" classname="tests.LoginTest"/>
  <testcase name="spacesInTheUserLoginAndPasswordTest" time="15.746" classname="tests.LoginTest"/>
  <testcase name="emptyUserLoginTest" time="0.800" classname="tests.LoginTest"/>
  <testcase name="emptyUserLoginAndPasswordTest" time="18.213" classname="tests.LoginTest"/>
</testsuite> <!-- tests.LoginTest -->
