<?xml version="1.0" encoding="UTF-8"?>
<!-- Generated by org.testng.reporters.JUnitReportReporter -->
<testsuite skipped="0" hostname="snk" name="tests.ProductListTest" tests="5" failures="0" timestamp="23 лют. 2018 09:33:05 GMT" time="10.025" errors="0">
  <testcase name="isProductPresentInTheProductListTest" time="1.341" classname="tests.ProductListTest"/>
  <testcase name="openingProductPageTest" time="2.122" classname="tests.ProductListTest"/>
  <testcase name="isPriceFilterPresentTest" time="3.117" classname="tests.ProductListTest"/>
  <testcase name="productsOnTheProductListHaveAPriceTest" time="1.338" classname="tests.ProductListTest"/>
  <testcase name="productListIncludesValidProductAfterApplyPriceFilterTest" time="2.107" classname="tests.ProductListTest"/>
</testsuite> <!-- tests.ProductListTest -->
